{
  "RSpec": {
    "coverage": {
      "/home/letoan/CoderTicket/app/helpers/application_helper.rb": [
        1,
        1,
        0,
        null,
        null,
        1,
        null,
        0,
        0,
        null,
        0,
        null,
        null
      ],
      "/home/letoan/CoderTicket/app/helpers/events_helper.rb": [
        1,
        1,
        0,
        null,
        null
      ],
      "/home/letoan/CoderTicket/app/helpers/sessions_helper.rb": [
        1,
        null
      ],
      "/home/letoan/CoderTicket/app/helpers/tickets_helper.rb": [
        1,
        null
      ],
      "/home/letoan/CoderTicket/app/helpers/users_helper.rb": [
        1,
        null
      ],
      "/home/letoan/CoderTicket/app/controllers/sessions_controller.rb": [
        0,
        0,
        0,
        0,
        0,
        0,
        0,
        0,
        0,
        0,
        0,
        0,
        0,
        0,
        0,
        0,
        0,
        0,
        0,
        0,
        0,
        0,
        0,
        0,
        0,
        0,
        0,
        0,
        0,
        0,
        0,
        0,
        0,
        0,
        0,
        0,
        0
      ],
      "/home/letoan/CoderTicket/app/controllers/users_controller.rb": [
        0,
        0,
        0,
        0,
        0,
        0,
        0,
        0,
        0,
        0,
        0,
        0,
        0,
        0,
        0,
        0,
        0,
        0,
        0,
        0,
        0,
        0,
        0,
        0,
        0,
        0,
        0,
        0,
        0
      ],
      "/home/letoan/CoderTicket/app/controllers/application_controller.rb": [
        0,
        0,
        0,
        0,
        0,
        0,
        0,
        0,
        0,
        0,
        0,
        0
      ],
      "/home/letoan/CoderTicket/app/controllers/tickets_controller.rb": [
        0,
        0,
        0,
        0,
        0,
        0,
        0,
        0,
        0,
        0,
        0,
        0,
        0,
        0,
        0,
        0,
        0,
        0,
        0,
        0,
        0,
        0,
        0,
        0,
        0,
        0,
        0,
        0,
        0,
        0,
        0,
        0,
        0,
        0,
        0,
        0,
        0,
        0,
        0,
        0,
        0,
        0
      ],
      "/home/letoan/CoderTicket/app/controllers/events_controller.rb": [
        0,
        0,
        0,
        0,
        0,
        0,
        0,
        0,
        0,
        0,
        0,
        0,
        0,
        0,
        0,
        0,
        0,
        0,
        0,
        0,
        0,
        0,
        0,
        0,
        0,
        0,
        0,
        0,
        0,
        0,
        0,
        0,
        0,
        0,
        0,
        0,
        0,
        0,
        0,
        0,
        0,
        0,
        0,
        0,
        0,
        0,
        0,
        0,
        0,
        0,
        0,
        0,
        0,
        0,
        0,
        0,
        0,
        0,
        0,
        0,
        0,
        0,
        0,
        0,
        0,
        0,
        0,
        0,
        0,
        0,
        0,
        0,
        0,
        0,
        0,
        0,
        0,
        0
      ],
      "/home/letoan/CoderTicket/app/models/user.rb": [
        0,
        0,
        0,
        0,
        0,
        0,
        0,
        0,
        0,
        0,
        0,
        0,
        0,
        0,
        0,
        0,
        0
      ],
      "/home/letoan/CoderTicket/app/models/venue.rb": [
        0,
        0,
        0,
        0,
        0,
        0
      ],
      "/home/letoan/CoderTicket/app/models/region.rb": [
        0,
        0,
        0,
        0,
        0
      ],
      "/home/letoan/CoderTicket/app/models/event.rb": [
        0,
        0,
        0,
        0,
        0,
        0,
        0,
        0,
        0,
        0,
        0,
        0,
        0,
        0,
        0,
        0,
        0,
        0,
        0,
        0,
        0,
        0,
        0,
        0
      ],
      "/home/letoan/CoderTicket/app/models/ticket_type.rb": [
        0,
        0,
        0,
        0,
        0,
        0,
        0,
        0,
        0
      ],
      "/home/letoan/CoderTicket/app/models/application_record.rb": [
        0,
        0,
        0
      ],
      "/home/letoan/CoderTicket/app/models/category.rb": [
        0,
        0,
        0,
        0
      ]
    },
    "timestamp": 1489069661
  }
}
